Use load_from_local loader
[                                                  ] 0/750, elapsed: 0s, ETA:
[                                 ] 1/750, 0.8 task/s, elapsed: 1s, ETA:   928s
[                                 ] 2/750, 1.6 task/s, elapsed: 1s, ETA:   481s
[                                 ] 3/750, 1.4 task/s, elapsed: 2s, ETA:   534s
[                                 ] 4/750, 1.8 task/s, elapsed: 2s, ETA:   409s
[                                 ] 5/750, 1.6 task/s, elapsed: 3s, ETA:   476s
[                                 ] 6/750, 1.9 task/s, elapsed: 3s, ETA:   402s
[                                 ] 7/750, 1.9 task/s, elapsed: 4s, ETA:   401s
[                                 ] 8/750, 2.1 task/s, elapsed: 4s, ETA:   355s
[                                 ] 9/750, 2.0 task/s, elapsed: 4s, ETA:   366s
[                                ] 10/750, 2.2 task/s, elapsed: 4s, ETA:   333s
[                                ] 11/750, 2.2 task/s, elapsed: 5s, ETA:   336s
[                                ] 12/750, 2.4 task/s, elapsed: 5s, ETA:   311s
[                                ] 13/750, 2.4 task/s, elapsed: 5s, ETA:   312s
[                                ] 14/750, 2.5 task/s, elapsed: 6s, ETA:   291s
[                                ] 15/750, 2.4 task/s, elapsed: 6s, ETA:   301s
[                                ] 16/750, 2.6 task/s, elapsed: 6s, ETA:   284s
[                                ] 17/750, 2.5 task/s, elapsed: 7s, ETA:   290s
[                                ] 18/750, 2.6 task/s, elapsed: 7s, ETA:   284s
[                                ] 19/750, 2.6 task/s, elapsed: 7s, ETA:   286s
[                                ] 20/750, 2.6 task/s, elapsed: 8s, ETA:   285s
[                                ] 21/750, 2.5 task/s, elapsed: 8s, ETA:   287s
[                                ] 22/750, 2.5 task/s, elapsed: 9s, ETA:   291s
[                                ] 23/750, 2.5 task/s, elapsed: 9s, ETA:   287s
[                               ] 24/750, 2.5 task/s, elapsed: 10s, ETA:   292s
[>                              ] 25/750, 2.5 task/s, elapsed: 10s, ETA:   291s
[>                              ] 26/750, 2.5 task/s, elapsed: 10s, ETA:   292s
[>                              ] 27/750, 2.5 task/s, elapsed: 11s, ETA:   294s
[>                              ] 28/750, 2.5 task/s, elapsed: 11s, ETA:   288s
[>                              ] 29/750, 2.5 task/s, elapsed: 12s, ETA:   289s
[>                              ] 30/750, 2.5 task/s, elapsed: 12s, ETA:   290s
[>                              ] 31/750, 2.5 task/s, elapsed: 12s, ETA:   283s
[>                              ] 32/750, 2.5 task/s, elapsed: 13s, ETA:   285s
[>                              ] 33/750, 2.6 task/s, elapsed: 13s, ETA:   277s
[>                              ] 34/750, 2.5 task/s, elapsed: 13s, ETA:   283s
[>                              ] 35/750, 2.6 task/s, elapsed: 13s, ETA:   276s
[>                              ] 36/750, 2.6 task/s, elapsed: 14s, ETA:   278s
[>                              ] 37/750, 2.6 task/s, elapsed: 14s, ETA:   271s
[>                              ] 38/750, 2.6 task/s, elapsed: 14s, ETA:   271s
[>                              ] 39/750, 2.7 task/s, elapsed: 15s, ETA:   265s
[>                              ] 40/750, 2.6 task/s, elapsed: 15s, ETA:   273s
[>                              ] 41/750, 2.7 task/s, elapsed: 15s, ETA:   266s
[>                              ] 42/750, 2.6 task/s, elapsed: 16s, ETA:   272s
[>                              ] 43/750, 2.7 task/s, elapsed: 16s, ETA:   266s
[>                              ] 44/750, 2.6 task/s, elapsed: 17s, ETA:   268s
[>                              ] 45/750, 2.7 task/s, elapsed: 17s, ETA:   263s
[>                              ] 46/750, 2.6 task/s, elapsed: 18s, ETA:   269s
[>                              ] 47/750, 2.7 task/s, elapsed: 18s, ETA:   263s
[>                              ] 48/750, 2.7 task/s, elapsed: 18s, ETA:   263s
[>>                             ] 49/750, 2.7 task/s, elapsed: 18s, ETA:   260s
[>>                             ] 50/750, 2.7 task/s, elapsed: 19s, ETA:   263s
[>>                             ] 51/750, 2.7 task/s, elapsed: 19s, ETA:   258s
[>>                             ] 52/750, 2.6 task/s, elapsed: 20s, ETA:   264s
[>>                             ] 53/750, 2.7 task/s, elapsed: 20s, ETA:   259s
[>>                             ] 54/750, 2.6 task/s, elapsed: 21s, ETA:   265s
[>>                             ] 55/750, 2.7 task/s, elapsed: 21s, ETA:   261s
[>>                             ] 56/750, 2.7 task/s, elapsed: 21s, ETA:   261s
[>>                             ] 57/750, 2.7 task/s, elapsed: 21s, ETA:   257s
[>>                             ] 58/750, 2.6 task/s, elapsed: 22s, ETA:   262s
[>>                             ] 59/750, 2.7 task/s, elapsed: 22s, ETA:   258s
[>>                             ] 60/750, 2.7 task/s, elapsed: 23s, ETA:   259s
[>>                             ] 61/750, 2.7 task/s, elapsed: 23s, ETA:   255s
[>>                             ] 62/750, 2.6 task/s, elapsed: 24s, ETA:   261s
[>>                             ] 63/750, 2.7 task/s, elapsed: 24s, ETA:   257s
[>>                             ] 64/750, 2.6 task/s, elapsed: 24s, ETA:   260s
[>>                             ] 65/750, 2.7 task/s, elapsed: 24s, ETA:   256s
[>>                             ] 66/750, 2.6 task/s, elapsed: 25s, ETA:   260s
[>>                             ] 67/750, 2.7 task/s, elapsed: 25s, ETA:   256s
[>>                             ] 68/750, 2.7 task/s, elapsed: 26s, ETA:   256s
[>>                             ] 69/750, 2.7 task/s, elapsed: 26s, ETA:   252s
[>>                             ] 70/750, 2.7 task/s, elapsed: 26s, ETA:   255s
[>>                             ] 71/750, 2.7 task/s, elapsed: 26s, ETA:   251s
[>>                             ] 72/750, 2.7 task/s, elapsed: 27s, ETA:   252s
[>>>                            ] 73/750, 2.7 task/s, elapsed: 27s, ETA:   249s
[>>>                            ] 74/750, 2.7 task/s, elapsed: 27s, ETA:   248s
[>>>                            ] 75/750, 2.7 task/s, elapsed: 27s, ETA:   246s
[>>>                            ] 76/750, 2.7 task/s, elapsed: 28s, ETA:   249s
[>>>                            ] 77/750, 2.7 task/s, elapsed: 28s, ETA:   246s
[>>>                            ] 78/750, 2.7 task/s, elapsed: 29s, ETA:   251s
[>>>                            ] 79/750, 2.7 task/s, elapsed: 29s, ETA:   248s
[>>>                            ] 80/750, 2.7 task/s, elapsed: 30s, ETA:   251s
[>>>                            ] 81/750, 2.7 task/s, elapsed: 30s, ETA:   248s
[>>>                            ] 82/750, 2.7 task/s, elapsed: 31s, ETA:   251s
[>>>                            ] 83/750, 2.7 task/s, elapsed: 31s, ETA:   248s
[>>>                            ] 84/750, 2.6 task/s, elapsed: 32s, ETA:   252s
[>>>                            ] 85/750, 2.7 task/s, elapsed: 32s, ETA:   249s
[>>>                            ] 86/750, 2.7 task/s, elapsed: 32s, ETA:   248s
[>>>                            ] 87/750, 2.7 task/s, elapsed: 32s, ETA:   245s
[>>>                            ] 88/750, 2.7 task/s, elapsed: 33s, ETA:   249s
[>>>                            ] 89/750, 2.7 task/s, elapsed: 33s, ETA:   246s
[>>>                            ] 90/750, 2.6 task/s, elapsed: 34s, ETA:   249s
[>>>                            ] 91/750, 2.7 task/s, elapsed: 34s, ETA:   247s
[>>>                            ] 92/750, 2.7 task/s, elapsed: 35s, ETA:   247s
[>>>                            ] 93/750, 2.7 task/s, elapsed: 35s, ETA:   245s
[>>>                            ] 94/750, 2.7 task/s, elapsed: 35s, ETA:   247s
[>>>                            ] 95/750, 2.7 task/s, elapsed: 35s, ETA:   245s
[>>>                            ] 96/750, 2.6 task/s, elapsed: 36s, ETA:   248s
[>>>>                           ] 97/750, 2.7 task/s, elapsed: 36s, ETA:   245s
[>>>>                           ] 98/750, 2.6 task/s, elapsed: 37s, ETA:   247s
[>>>>                           ] 99/750, 2.7 task/s, elapsed: 37s, ETA:   245s
[>>>>                          ] 100/750, 2.7 task/s, elapsed: 38s, ETA:   245s
[>>>>                          ] 101/750, 2.7 task/s, elapsed: 38s, ETA:   243s
[>>>>                          ] 102/750, 2.7 task/s, elapsed: 38s, ETA:   242s
[>>>>                          ] 103/750, 2.7 task/s, elapsed: 38s, ETA:   240s
[>>>>                          ] 104/750, 2.7 task/s, elapsed: 39s, ETA:   241s
[>>>>                          ] 105/750, 2.7 task/s, elapsed: 39s, ETA:   238s
[>>>>                          ] 106/750, 2.7 task/s, elapsed: 40s, ETA:   241s
[>>>>                          ] 107/750, 2.7 task/s, elapsed: 40s, ETA:   239s
[>>>>                          ] 108/750, 2.7 task/s, elapsed: 40s, ETA:   240s
[>>>>                          ] 109/750, 2.7 task/s, elapsed: 40s, ETA:   238s
[>>>>                          ] 110/750, 2.7 task/s, elapsed: 41s, ETA:   240s
[>>>>                          ] 111/750, 2.7 task/s, elapsed: 41s, ETA:   238s
[>>>>                          ] 112/750, 2.7 task/s, elapsed: 42s, ETA:   240s
[>>>>                          ] 113/750, 2.7 task/s, elapsed: 42s, ETA:   238s
[>>>>                          ] 114/750, 2.7 task/s, elapsed: 43s, ETA:   239s
[>>>>                          ] 115/750, 2.7 task/s, elapsed: 43s, ETA:   238s
[>>>>                          ] 116/750, 2.6 task/s, elapsed: 44s, ETA:   240s
[>>>>                          ] 117/750, 2.7 task/s, elapsed: 44s, ETA:   238s
[>>>>                          ] 118/750, 2.6 task/s, elapsed: 45s, ETA:   239s
[>>>>                          ] 119/750, 2.7 task/s, elapsed: 45s, ETA:   238s
[>>>>                          ] 120/750, 2.6 task/s, elapsed: 45s, ETA:   239s
[>>>>                          ] 121/750, 2.6 task/s, elapsed: 46s, ETA:   238s
[>>>>                          ] 122/750, 2.6 task/s, elapsed: 46s, ETA:   239s
[>>>>                          ] 123/750, 2.6 task/s, elapsed: 47s, ETA:   238s
[>>>>                          ] 124/750, 2.6 task/s, elapsed: 47s, ETA:   239s
[>>>>>                         ] 125/750, 2.6 task/s, elapsed: 48s, ETA:   238s
[>>>>>                         ] 126/750, 2.6 task/s, elapsed: 48s, ETA:   239s
[>>>>>                         ] 127/750, 2.6 task/s, elapsed: 48s, ETA:   237s
[>>>>>                         ] 128/750, 2.6 task/s, elapsed: 49s, ETA:   237s
[>>>>>                         ] 129/750, 2.6 task/s, elapsed: 49s, ETA:   235s
[>>>>>                         ] 130/750, 2.6 task/s, elapsed: 49s, ETA:   235s
[>>>>>                         ] 131/750, 2.7 task/s, elapsed: 49s, ETA:   233s
[>>>>>                         ] 132/750, 2.7 task/s, elapsed: 50s, ETA:   233s
[>>>>>                         ] 133/750, 2.7 task/s, elapsed: 50s, ETA:   232s
[>>>>>                         ] 134/750, 2.7 task/s, elapsed: 50s, ETA:   231s
[>>>>>                         ] 135/750, 2.7 task/s, elapsed: 51s, ETA:   230s
[>>>>>                         ] 136/750, 2.7 task/s, elapsed: 51s, ETA:   229s
[>>>>>                         ] 137/750, 2.7 task/s, elapsed: 51s, ETA:   228s
[>>>>>                         ] 138/750, 2.7 task/s, elapsed: 51s, ETA:   227s
[>>>>>                         ] 139/750, 2.7 task/s, elapsed: 51s, ETA:   226s
[>>>>>                         ] 140/750, 2.7 task/s, elapsed: 52s, ETA:   225s
[>>>>>                         ] 141/750, 2.7 task/s, elapsed: 52s, ETA:   224s
[>>>>>                         ] 142/750, 2.7 task/s, elapsed: 52s, ETA:   224s
[>>>>>                         ] 143/750, 2.7 task/s, elapsed: 52s, ETA:   222s
[>>>>>                         ] 144/750, 2.7 task/s, elapsed: 53s, ETA:   222s
[>>>>>                         ] 145/750, 2.7 task/s, elapsed: 53s, ETA:   221s
[>>>>>                         ] 146/750, 2.8 task/s, elapsed: 53s, ETA:   219s
[>>>>>                         ] 147/750, 2.7 task/s, elapsed: 53s, ETA:   219s
[>>>>>                         ] 148/750, 2.8 task/s, elapsed: 54s, ETA:   218s
[>>>>>                         ] 149/750, 2.8 task/s, elapsed: 54s, ETA:   217s
[>>>>>>                        ] 150/750, 2.8 task/s, elapsed: 54s, ETA:   216s
[>>>>>>                        ] 151/750, 2.8 task/s, elapsed: 54s, ETA:   214s
[>>>>>>                        ] 152/750, 2.8 task/s, elapsed: 54s, ETA:   214s
[>>>>>>                        ] 153/750, 2.8 task/s, elapsed: 55s, ETA:   213s
[>>>>>>                        ] 154/750, 2.8 task/s, elapsed: 55s, ETA:   213s
[>>>>>>                        ] 155/750, 2.8 task/s, elapsed: 55s, ETA:   212s
[>>>>>>                        ] 156/750, 2.8 task/s, elapsed: 55s, ETA:   211s
[>>>>>>                        ] 157/750, 2.8 task/s, elapsed: 56s, ETA:   211s
[>>>>>>                        ] 158/750, 2.8 task/s, elapsed: 56s, ETA:   210s
[>>>>>>                        ] 159/750, 2.8 task/s, elapsed: 56s, ETA:   209s
[>>>>>>                        ] 160/750, 2.8 task/s, elapsed: 56s, ETA:   208s
[>>>>>>                        ] 161/750, 2.8 task/s, elapsed: 57s, ETA:   208s
[>>>>>>                        ] 162/750, 2.8 task/s, elapsed: 57s, ETA:   207s
[>>>>>>                        ] 163/750, 2.8 task/s, elapsed: 57s, ETA:   206s
[>>>>>>                        ] 164/750, 2.9 task/s, elapsed: 57s, ETA:   205s
[>>>>>>                        ] 165/750, 2.9 task/s, elapsed: 58s, ETA:   205s
[>>>>>>                        ] 166/750, 2.9 task/s, elapsed: 58s, ETA:   204s
[>>>>>>                        ] 167/750, 2.9 task/s, elapsed: 58s, ETA:   203s
[>>>>>>                        ] 168/750, 2.9 task/s, elapsed: 58s, ETA:   203s
[>>>>>>                        ] 169/750, 2.9 task/s, elapsed: 59s, ETA:   202s
[>>>>>>                        ] 170/750, 2.9 task/s, elapsed: 59s, ETA:   201s
[>>>>>>                        ] 171/750, 2.9 task/s, elapsed: 59s, ETA:   201s
[>>>>>>                        ] 172/750, 2.9 task/s, elapsed: 60s, ETA:   200s
[>>>>>>                        ] 173/750, 2.9 task/s, elapsed: 60s, ETA:   200s
[>>>>>>                        ] 174/750, 2.9 task/s, elapsed: 60s, ETA:   198s
[>>>>>>>                       ] 175/750, 2.9 task/s, elapsed: 60s, ETA:   198s
[>>>>>>>                       ] 176/750, 2.9 task/s, elapsed: 60s, ETA:   197s
[>>>>>>>                       ] 177/750, 2.9 task/s, elapsed: 61s, ETA:   197s
[>>>>>>>                       ] 178/750, 2.9 task/s, elapsed: 61s, ETA:   196s
[>>>>>>>                       ] 179/750, 2.9 task/s, elapsed: 61s, ETA:   195s
[>>>>>>>                       ] 180/750, 2.9 task/s, elapsed: 61s, ETA:   195s
[>>>>>>>                       ] 181/750, 2.9 task/s, elapsed: 62s, ETA:   194s
[>>>>>>>                       ] 182/750, 2.9 task/s, elapsed: 62s, ETA:   194s
[>>>>>>>                       ] 183/750, 2.9 task/s, elapsed: 62s, ETA:   193s
[>>>>>>>                       ] 184/750, 2.9 task/s, elapsed: 63s, ETA:   192s
[>>>>>>>                       ] 185/750, 3.0 task/s, elapsed: 63s, ETA:   191s
[>>>>>>>                       ] 186/750, 3.0 task/s, elapsed: 63s, ETA:   191s
[>>>>>>>                       ] 187/750, 3.0 task/s, elapsed: 63s, ETA:   190s
[>>>>>>>                       ] 188/750, 3.0 task/s, elapsed: 63s, ETA:   190s
[>>>>>>>                       ] 189/750, 3.0 task/s, elapsed: 64s, ETA:   189s
[>>>>>>>                       ] 190/750, 3.0 task/s, elapsed: 64s, ETA:   188s
[>>>>>>>                       ] 191/750, 3.0 task/s, elapsed: 64s, ETA:   188s
[>>>>>>>                       ] 192/750, 3.0 task/s, elapsed: 64s, ETA:   186s
[>>>>>>>                       ] 193/750, 3.0 task/s, elapsed: 64s, ETA:   186s
[>>>>>>>                       ] 194/750, 3.0 task/s, elapsed: 65s, ETA:   185s
[>>>>>>>                       ] 195/750, 3.0 task/s, elapsed: 65s, ETA:   185s
[>>>>>>>                       ] 196/750, 3.0 task/s, elapsed: 65s, ETA:   184s
[>>>>>>>                       ] 197/750, 3.0 task/s, elapsed: 65s, ETA:   184s
[>>>>>>>                       ] 198/750, 3.0 task/s, elapsed: 65s, ETA:   182s
[>>>>>>>                       ] 199/750, 3.0 task/s, elapsed: 66s, ETA:   182s
[>>>>>>>>                      ] 200/750, 3.0 task/s, elapsed: 66s, ETA:   181s
[>>>>>>>>                      ] 201/750, 3.0 task/s, elapsed: 66s, ETA:   181s
[>>>>>>>>                      ] 202/750, 3.0 task/s, elapsed: 66s, ETA:   180s
[>>>>>>>>                      ] 203/750, 3.1 task/s, elapsed: 66s, ETA:   179s
[>>>>>>>>                      ] 204/750, 3.1 task/s, elapsed: 67s, ETA:   178s
[>>>>>>>>                      ] 205/750, 3.1 task/s, elapsed: 67s, ETA:   178s
[>>>>>>>>                      ] 206/750, 3.1 task/s, elapsed: 67s, ETA:   177s
[>>>>>>>>                      ] 207/750, 3.1 task/s, elapsed: 67s, ETA:   177s
[>>>>>>>>                      ] 208/750, 3.1 task/s, elapsed: 67s, ETA:   176s
[>>>>>>>>                      ] 209/750, 3.0 task/s, elapsed: 69s, ETA:   179s
[>>>>>>>>                      ] 210/750, 3.0 task/s, elapsed: 69s, ETA:   178s
[>>>>>>>>                      ] 211/750, 3.0 task/s, elapsed: 70s, ETA:   178s
[>>>>>>>>                      ] 212/750, 3.0 task/s, elapsed: 70s, ETA:   178s
[>>>>>>>>                      ] 213/750, 3.0 task/s, elapsed: 71s, ETA:   180s
[>>>>>>>>                      ] 214/750, 3.0 task/s, elapsed: 72s, ETA:   180s
[>>>>>>>>                      ] 215/750, 3.0 task/s, elapsed: 73s, ETA:   181s
[>>>>>>>>                      ] 216/750, 3.0 task/s, elapsed: 73s, ETA:   181s
[>>>>>>>>                      ] 217/750, 2.9 task/s, elapsed: 74s, ETA:   182s
[>>>>>>>>                      ] 218/750, 2.9 task/s, elapsed: 75s, ETA:   182s
[>>>>>>>>                      ] 219/750, 2.9 task/s, elapsed: 76s, ETA:   183s
[>>>>>>>>                      ] 220/750, 2.9 task/s, elapsed: 76s, ETA:   183s
[>>>>>>>>                      ] 221/750, 2.9 task/s, elapsed: 77s, ETA:   185s
[>>>>>>>>                      ] 222/750, 2.9 task/s, elapsed: 77s, ETA:   184s
[>>>>>>>>                      ] 223/750, 2.8 task/s, elapsed: 79s, ETA:   186s
[>>>>>>>>                      ] 224/750, 2.8 task/s, elapsed: 79s, ETA:   185s
[>>>>>>>>>                     ] 225/750, 2.8 task/s, elapsed: 80s, ETA:   187s
[>>>>>>>>>                     ] 226/750, 2.8 task/s, elapsed: 80s, ETA:   186s
[>>>>>>>>>                     ] 227/750, 2.8 task/s, elapsed: 81s, ETA:   187s
[>>>>>>>>>                     ] 228/750, 2.8 task/s, elapsed: 81s, ETA:   186s
[>>>>>>>>>                     ] 229/750, 2.8 task/s, elapsed: 82s, ETA:   187s
[>>>>>>>>>                     ] 230/750, 2.8 task/s, elapsed: 82s, ETA:   186s
[>>>>>>>>>                     ] 231/750, 2.8 task/s, elapsed: 83s, ETA:   186s
[>>>>>>>>>                     ] 232/750, 2.8 task/s, elapsed: 83s, ETA:   185s
[>>>>>>>>>                     ] 233/750, 2.8 task/s, elapsed: 84s, ETA:   187s
[>>>>>>>>>                     ] 234/750, 2.8 task/s, elapsed: 84s, ETA:   186s
[>>>>>>>>>                     ] 235/750, 2.7 task/s, elapsed: 85s, ETA:   187s
[>>>>>>>>>                     ] 236/750, 2.8 task/s, elapsed: 86s, ETA:   186s
[>>>>>>>>>                     ] 237/750, 2.7 task/s, elapsed: 87s, ETA:   188s
[>>>>>>>>>                     ] 238/750, 2.7 task/s, elapsed: 87s, ETA:   187s
[>>>>>>>>>                     ] 239/750, 2.7 task/s, elapsed: 88s, ETA:   188s
[>>>>>>>>>                     ] 240/750, 2.7 task/s, elapsed: 88s, ETA:   187s
[>>>>>>>>>                     ] 241/750, 2.7 task/s, elapsed: 89s, ETA:   188s
[>>>>>>>>>                     ] 242/750, 2.7 task/s, elapsed: 89s, ETA:   187s
[>>>>>>>>>                     ] 243/750, 2.7 task/s, elapsed: 91s, ETA:   190s
[>>>>>>>>>                     ] 244/750, 2.7 task/s, elapsed: 91s, ETA:   188s
[>>>>>>>>>                     ] 245/750, 2.7 task/s, elapsed: 91s, ETA:   189s
[>>>>>>>>>                     ] 246/750, 2.7 task/s, elapsed: 92s, ETA:   188s
[>>>>>>>>>                     ] 247/750, 2.7 task/s, elapsed: 93s, ETA:   189s
[>>>>>>>>>                     ] 248/750, 2.7 task/s, elapsed: 93s, ETA:   188s
[>>>>>>>>>                     ] 249/750, 2.6 task/s, elapsed: 94s, ETA:   190s
[>>>>>>>>>>                    ] 250/750, 2.6 task/s, elapsed: 94s, ETA:   189s
[>>>>>>>>>>                    ] 251/750, 2.6 task/s, elapsed: 95s, ETA:   189s
[>>>>>>>>>>                    ] 252/750, 2.7 task/s, elapsed: 95s, ETA:   188s
[>>>>>>>>>>                    ] 253/750, 2.6 task/s, elapsed: 97s, ETA:   190s
[>>>>>>>>>>                    ] 254/750, 2.6 task/s, elapsed: 97s, ETA:   189s
[>>>>>>>>>>                    ] 255/750, 2.6 task/s, elapsed: 98s, ETA:   190s
[>>>>>>>>>>                    ] 256/750, 2.6 task/s, elapsed: 98s, ETA:   189s
[>>>>>>>>>>                    ] 257/750, 2.6 task/s, elapsed: 99s, ETA:   190s
[>>>>>>>>>>                    ] 258/750, 2.6 task/s, elapsed: 99s, ETA:   189s
[>>>>>>>>>>                   ] 259/750, 2.6 task/s, elapsed: 100s, ETA:   189s
[>>>>>>>>>>                   ] 260/750, 2.6 task/s, elapsed: 101s, ETA:   190s
[>>>>>>>>>>                   ] 261/750, 2.6 task/s, elapsed: 101s, ETA:   189s
[>>>>>>>>>>                   ] 262/750, 2.6 task/s, elapsed: 102s, ETA:   189s
[>>>>>>>>>>                   ] 263/750, 2.6 task/s, elapsed: 102s, ETA:   189s
[>>>>>>>>>>                   ] 264/750, 2.6 task/s, elapsed: 103s, ETA:   190s
[>>>>>>>>>>                   ] 265/750, 2.6 task/s, elapsed: 104s, ETA:   190s
[>>>>>>>>>>                   ] 266/750, 2.5 task/s, elapsed: 105s, ETA:   192s
[>>>>>>>>>>                   ] 267/750, 2.5 task/s, elapsed: 106s, ETA:   191s
[>>>>>>>>>>                   ] 268/750, 2.5 task/s, elapsed: 107s, ETA:   193s
[>>>>>>>>>>                   ] 269/750, 2.5 task/s, elapsed: 107s, ETA:   192s
[>>>>>>>>>>                   ] 270/750, 2.5 task/s, elapsed: 109s, ETA:   194s
[>>>>>>>>>>                   ] 271/750, 2.5 task/s, elapsed: 109s, ETA:   193s
[>>>>>>>>>>                   ] 272/750, 2.5 task/s, elapsed: 110s, ETA:   193s
[>>>>>>>>>>                   ] 273/750, 2.5 task/s, elapsed: 110s, ETA:   193s
[>>>>>>>>>>                   ] 274/750, 2.5 task/s, elapsed: 111s, ETA:   194s
[>>>>>>>>>>                   ] 275/750, 2.5 task/s, elapsed: 112s, ETA:   193s
[>>>>>>>>>>                   ] 276/750, 2.5 task/s, elapsed: 112s, ETA:   192s
[>>>>>>>>>>                   ] 277/750, 2.5 task/s, elapsed: 113s, ETA:   193s
[>>>>>>>>>>                   ] 278/750, 2.4 task/s, elapsed: 114s, ETA:   193s
[>>>>>>>>>>                   ] 279/750, 2.4 task/s, elapsed: 115s, ETA:   194s
[>>>>>>>>>>                   ] 280/750, 2.4 task/s, elapsed: 116s, ETA:   194s
[>>>>>>>>>>                   ] 281/750, 2.4 task/s, elapsed: 116s, ETA:   194s
[>>>>>>>>>>                   ] 282/750, 2.4 task/s, elapsed: 118s, ETA:   195s
[>>>>>>>>>>                   ] 283/750, 2.4 task/s, elapsed: 118s, ETA:   194s
[>>>>>>>>>>                   ] 284/750, 2.4 task/s, elapsed: 119s, ETA:   195s
[>>>>>>>>>>>                  ] 285/750, 2.4 task/s, elapsed: 119s, ETA:   194s
[>>>>>>>>>>>                  ] 286/750, 2.4 task/s, elapsed: 121s, ETA:   196s
[>>>>>>>>>>>                  ] 287/750, 2.4 task/s, elapsed: 121s, ETA:   195s
[>>>>>>>>>>>                  ] 288/750, 2.4 task/s, elapsed: 122s, ETA:   196s
[>>>>>>>>>>>                  ] 289/750, 2.4 task/s, elapsed: 122s, ETA:   195s
[>>>>>>>>>>>                  ] 290/750, 2.3 task/s, elapsed: 124s, ETA:   197s
[>>>>>>>>>>>                  ] 291/750, 2.3 task/s, elapsed: 124s, ETA:   196s
[>>>>>>>>>>>                  ] 292/750, 2.3 task/s, elapsed: 125s, ETA:   196s
[>>>>>>>>>>>                  ] 293/750, 2.3 task/s, elapsed: 125s, ETA:   195s
[>>>>>>>>>>>                  ] 294/750, 2.3 task/s, elapsed: 126s, ETA:   196s
[>>>>>>>>>>>                  ] 295/750, 2.3 task/s, elapsed: 126s, ETA:   195s
[>>>>>>>>>>>                  ] 296/750, 2.3 task/s, elapsed: 127s, ETA:   195s
[>>>>>>>>>>>                  ] 297/750, 2.3 task/s, elapsed: 127s, ETA:   194s
[>>>>>>>>>>>                  ] 298/750, 2.3 task/s, elapsed: 129s, ETA:   195s
[>>>>>>>>>>>                  ] 299/750, 2.3 task/s, elapsed: 129s, ETA:   194s
[>>>>>>>>>>>                  ] 300/750, 2.3 task/s, elapsed: 130s, ETA:   195s
[>>>>>>>>>>>                  ] 301/750, 2.3 task/s, elapsed: 130s, ETA:   194s
[>>>>>>>>>>>                  ] 302/750, 2.3 task/s, elapsed: 132s, ETA:   196s
[>>>>>>>>>>>                  ] 303/750, 2.3 task/s, elapsed: 132s, ETA:   195s
[>>>>>>>>>>>                  ] 304/750, 2.3 task/s, elapsed: 134s, ETA:   197s
[>>>>>>>>>>>                  ] 305/750, 2.3 task/s, elapsed: 134s, ETA:   196s
[>>>>>>>>>>>                  ] 306/750, 2.3 task/s, elapsed: 135s, ETA:   196s
[>>>>>>>>>>>                  ] 307/750, 2.3 task/s, elapsed: 135s, ETA:   195s
[>>>>>>>>>>>                  ] 308/750, 2.3 task/s, elapsed: 136s, ETA:   196s
[>>>>>>>>>>>                  ] 309/750, 2.3 task/s, elapsed: 136s, ETA:   195s
[>>>>>>>>>>>                  ] 310/750, 2.2 task/s, elapsed: 138s, ETA:   196s
[>>>>>>>>>>>>                 ] 311/750, 2.2 task/s, elapsed: 139s, ETA:   196s
[>>>>>>>>>>>>                 ] 312/750, 2.2 task/s, elapsed: 139s, ETA:   195s
[>>>>>>>>>>>>                 ] 313/750, 2.2 task/s, elapsed: 140s, ETA:   195s
[>>>>>>>>>>>>                 ] 314/750, 2.2 task/s, elapsed: 141s, ETA:   196s
[>>>>>>>>>>>>                 ] 315/750, 2.2 task/s, elapsed: 141s, ETA:   195s
[>>>>>>>>>>>>                 ] 316/750, 2.2 task/s, elapsed: 142s, ETA:   195s
[>>>>>>>>>>>>                 ] 317/750, 2.2 task/s, elapsed: 142s, ETA:   194s
[>>>>>>>>>>>>                 ] 318/750, 2.2 task/s, elapsed: 144s, ETA:   195s
[>>>>>>>>>>>>                 ] 319/750, 2.2 task/s, elapsed: 144s, ETA:   195s
[>>>>>>>>>>>>                 ] 320/750, 2.2 task/s, elapsed: 145s, ETA:   195s
[>>>>>>>>>>>>                 ] 321/750, 2.2 task/s, elapsed: 146s, ETA:   195s
[>>>>>>>>>>>>                 ] 322/750, 2.2 task/s, elapsed: 147s, ETA:   196s
[>>>>>>>>>>>>                 ] 323/750, 2.2 task/s, elapsed: 147s, ETA:   195s
[>>>>>>>>>>>>                 ] 324/750, 2.2 task/s, elapsed: 149s, ETA:   196s
[>>>>>>>>>>>>                 ] 325/750, 2.2 task/s, elapsed: 149s, ETA:   195s
[>>>>>>>>>>>>                 ] 326/750, 2.2 task/s, elapsed: 151s, ETA:   196s
[>>>>>>>>>>>>                 ] 327/750, 2.2 task/s, elapsed: 151s, ETA:   195s
[>>>>>>>>>>>>                 ] 328/750, 2.1 task/s, elapsed: 153s, ETA:   197s
[>>>>>>>>>>>>                 ] 329/750, 2.2 task/s, elapsed: 153s, ETA:   196s
[>>>>>>>>>>>>                 ] 330/750, 2.1 task/s, elapsed: 154s, ETA:   196s
[>>>>>>>>>>>>                 ] 331/750, 2.1 task/s, elapsed: 154s, ETA:   195s
[>>>>>>>>>>>>                 ] 332/750, 2.1 task/s, elapsed: 156s, ETA:   196s
[>>>>>>>>>>>>                 ] 333/750, 2.1 task/s, elapsed: 156s, ETA:   195s
[>>>>>>>>>>>>                 ] 334/750, 2.1 task/s, elapsed: 158s, ETA:   196s
[>>>>>>>>>>>>                 ] 335/750, 2.1 task/s, elapsed: 158s, ETA:   195s
[>>>>>>>>>>>>                 ] 336/750, 2.1 task/s, elapsed: 159s, ETA:   196s
[>>>>>>>>>>>>>                ] 337/750, 2.1 task/s, elapsed: 159s, ETA:   195s
[>>>>>>>>>>>>>                ] 338/750, 2.1 task/s, elapsed: 161s, ETA:   196s
[>>>>>>>>>>>>>                ] 339/750, 2.1 task/s, elapsed: 162s, ETA:   196s
[>>>>>>>>>>>>>                ] 340/750, 2.1 task/s, elapsed: 162s, ETA:   196s
[>>>>>>>>>>>>>                ] 341/750, 2.1 task/s, elapsed: 163s, ETA:   196s
[>>>>>>>>>>>>>                ] 342/750, 2.1 task/s, elapsed: 164s, ETA:   196s
[>>>>>>>>>>>>>                ] 343/750, 2.1 task/s, elapsed: 165s, ETA:   195s
[>>>>>>>>>>>>>                ] 344/750, 2.1 task/s, elapsed: 166s, ETA:   196s
[>>>>>>>>>>>>>                ] 345/750, 2.1 task/s, elapsed: 166s, ETA:   195s
[>>>>>>>>>>>>>                ] 346/750, 2.1 task/s, elapsed: 168s, ETA:   196s
[>>>>>>>>>>>>>                ] 347/750, 2.1 task/s, elapsed: 168s, ETA:   195s
[>>>>>>>>>>>>>                ] 348/750, 2.0 task/s, elapsed: 170s, ETA:   196s
[>>>>>>>>>>>>>                ] 349/750, 2.1 task/s, elapsed: 170s, ETA:   196s
[>>>>>>>>>>>>>                ] 350/750, 2.0 task/s, elapsed: 172s, ETA:   197s
[>>>>>>>>>>>>>                ] 351/750, 2.0 task/s, elapsed: 172s, ETA:   196s
[>>>>>>>>>>>>>                ] 352/750, 2.0 task/s, elapsed: 172s, ETA:   195s
[>>>>>>>>>>>>>                ] 353/750, 2.0 task/s, elapsed: 173s, ETA:   195s
[>>>>>>>>>>>>>                ] 354/750, 2.0 task/s, elapsed: 174s, ETA:   194s
[>>>>>>>>>>>>>                ] 355/750, 2.0 task/s, elapsed: 174s, ETA:   194s
[>>>>>>>>>>>>>                ] 356/750, 2.0 task/s, elapsed: 175s, ETA:   194s
[>>>>>>>>>>>>>                ] 357/750, 2.0 task/s, elapsed: 176s, ETA:   194s
[>>>>>>>>>>>>>                ] 358/750, 2.0 task/s, elapsed: 176s, ETA:   193s
[>>>>>>>>>>>>>                ] 359/750, 2.0 task/s, elapsed: 178s, ETA:   194s
[>>>>>>>>>>>>>                ] 360/750, 2.0 task/s, elapsed: 178s, ETA:   193s
[>>>>>>>>>>>>>                ] 361/750, 2.0 task/s, elapsed: 180s, ETA:   194s
[>>>>>>>>>>>>>                ] 362/750, 2.0 task/s, elapsed: 180s, ETA:   193s
[>>>>>>>>>>>>>>               ] 363/750, 2.0 task/s, elapsed: 182s, ETA:   194s
[>>>>>>>>>>>>>>               ] 364/750, 2.0 task/s, elapsed: 182s, ETA:   193s
[>>>>>>>>>>>>>>               ] 365/750, 2.0 task/s, elapsed: 184s, ETA:   194s
[>>>>>>>>>>>>>>               ] 366/750, 2.0 task/s, elapsed: 184s, ETA:   193s
[>>>>>>>>>>>>>>               ] 367/750, 2.0 task/s, elapsed: 186s, ETA:   194s
[>>>>>>>>>>>>>>               ] 368/750, 2.0 task/s, elapsed: 186s, ETA:   193s
[>>>>>>>>>>>>>>               ] 369/750, 2.0 task/s, elapsed: 188s, ETA:   194s
[>>>>>>>>>>>>>>               ] 370/750, 2.0 task/s, elapsed: 188s, ETA:   193s
[>>>>>>>>>>>>>>               ] 371/750, 2.0 task/s, elapsed: 190s, ETA:   194s
[>>>>>>>>>>>>>>               ] 372/750, 2.0 task/s, elapsed: 190s, ETA:   193s
[>>>>>>>>>>>>>>               ] 373/750, 2.0 task/s, elapsed: 191s, ETA:   193s
[>>>>>>>>>>>>>>               ] 374/750, 2.0 task/s, elapsed: 191s, ETA:   192s
[>>>>>>>>>>>>>>               ] 375/750, 1.9 task/s, elapsed: 193s, ETA:   193s
[>>>>>>>>>>>>>>               ] 376/750, 2.0 task/s, elapsed: 193s, ETA:   192s
[>>>>>>>>>>>>>>               ] 377/750, 1.9 task/s, elapsed: 194s, ETA:   192s
[>>>>>>>>>>>>>>               ] 378/750, 2.0 task/s, elapsed: 194s, ETA:   191s
[>>>>>>>>>>>>>>               ] 379/750, 1.9 task/s, elapsed: 196s, ETA:   192s
[>>>>>>>>>>>>>>               ] 380/750, 1.9 task/s, elapsed: 196s, ETA:   191s
[>>>>>>>>>>>>>>               ] 381/750, 1.9 task/s, elapsed: 197s, ETA:   191s
[>>>>>>>>>>>>>>               ] 382/750, 1.9 task/s, elapsed: 197s, ETA:   190s
[>>>>>>>>>>>>>>               ] 383/750, 1.9 task/s, elapsed: 199s, ETA:   191s
[>>>>>>>>>>>>>>               ] 384/750, 1.9 task/s, elapsed: 199s, ETA:   190s
[>>>>>>>>>>>>>>               ] 385/750, 1.9 task/s, elapsed: 200s, ETA:   189s
[>>>>>>>>>>>>>>               ] 386/750, 1.9 task/s, elapsed: 200s, ETA:   189s
[>>>>>>>>>>>>>>               ] 387/750, 1.9 task/s, elapsed: 202s, ETA:   189s
[>>>>>>>>>>>>>>>              ] 388/750, 1.9 task/s, elapsed: 202s, ETA:   189s
[>>>>>>>>>>>>>>>              ] 389/750, 1.9 task/s, elapsed: 204s, ETA:   189s
[>>>>>>>>>>>>>>>              ] 390/750, 1.9 task/s, elapsed: 204s, ETA:   188s
[>>>>>>>>>>>>>>>              ] 391/750, 1.9 task/s, elapsed: 206s, ETA:   189s
[>>>>>>>>>>>>>>>              ] 392/750, 1.9 task/s, elapsed: 206s, ETA:   188s
[>>>>>>>>>>>>>>>              ] 393/750, 1.9 task/s, elapsed: 208s, ETA:   189s
[>>>>>>>>>>>>>>>              ] 394/750, 1.9 task/s, elapsed: 208s, ETA:   188s
[>>>>>>>>>>>>>>>              ] 395/750, 1.9 task/s, elapsed: 210s, ETA:   188s
[>>>>>>>>>>>>>>>              ] 396/750, 1.9 task/s, elapsed: 210s, ETA:   187s
[>>>>>>>>>>>>>>>              ] 397/750, 1.9 task/s, elapsed: 210s, ETA:   187s
[>>>>>>>>>>>>>>>              ] 398/750, 1.9 task/s, elapsed: 211s, ETA:   186s
[>>>>>>>>>>>>>>>              ] 399/750, 1.9 task/s, elapsed: 212s, ETA:   187s
[>>>>>>>>>>>>>>>              ] 400/750, 1.9 task/s, elapsed: 213s, ETA:   186s
[>>>>>>>>>>>>>>>              ] 401/750, 1.9 task/s, elapsed: 215s, ETA:   187s
[>>>>>>>>>>>>>>>              ] 402/750, 1.9 task/s, elapsed: 215s, ETA:   186s
[>>>>>>>>>>>>>>>              ] 403/750, 1.9 task/s, elapsed: 217s, ETA:   187s
[>>>>>>>>>>>>>>>              ] 404/750, 1.9 task/s, elapsed: 217s, ETA:   186s
[>>>>>>>>>>>>>>>              ] 405/750, 1.9 task/s, elapsed: 218s, ETA:   186s
[>>>>>>>>>>>>>>>              ] 406/750, 1.9 task/s, elapsed: 219s, ETA:   185s
[>>>>>>>>>>>>>>>              ] 407/750, 1.9 task/s, elapsed: 220s, ETA:   185s
[>>>>>>>>>>>>>>>              ] 408/750, 1.9 task/s, elapsed: 220s, ETA:   184s
[>>>>>>>>>>>>>>>              ] 409/750, 1.8 task/s, elapsed: 221s, ETA:   185s
[>>>>>>>>>>>>>>>              ] 410/750, 1.9 task/s, elapsed: 221s, ETA:   184s
[>>>>>>>>>>>>>>>              ] 411/750, 1.8 task/s, elapsed: 223s, ETA:   184s
[>>>>>>>>>>>>>>>              ] 412/750, 1.8 task/s, elapsed: 223s, ETA:   183s
[>>>>>>>>>>>>>>>              ] 413/750, 1.8 task/s, elapsed: 225s, ETA:   183s
[>>>>>>>>>>>>>>>>             ] 414/750, 1.8 task/s, elapsed: 225s, ETA:   182s
[>>>>>>>>>>>>>>>>             ] 415/750, 1.8 task/s, elapsed: 226s, ETA:   182s
[>>>>>>>>>>>>>>>>             ] 416/750, 1.8 task/s, elapsed: 226s, ETA:   182s
[>>>>>>>>>>>>>>>>             ] 417/750, 1.8 task/s, elapsed: 228s, ETA:   182s
[>>>>>>>>>>>>>>>>             ] 418/750, 1.8 task/s, elapsed: 228s, ETA:   181s
[>>>>>>>>>>>>>>>>             ] 419/750, 1.8 task/s, elapsed: 230s, ETA:   182s
[>>>>>>>>>>>>>>>>             ] 420/750, 1.8 task/s, elapsed: 230s, ETA:   181s
[>>>>>>>>>>>>>>>>             ] 421/750, 1.8 task/s, elapsed: 231s, ETA:   181s
[>>>>>>>>>>>>>>>>             ] 422/750, 1.8 task/s, elapsed: 232s, ETA:   180s
[>>>>>>>>>>>>>>>>             ] 423/750, 1.8 task/s, elapsed: 233s, ETA:   180s
[>>>>>>>>>>>>>>>>             ] 424/750, 1.8 task/s, elapsed: 234s, ETA:   180s
[>>>>>>>>>>>>>>>>             ] 425/750, 1.8 task/s, elapsed: 235s, ETA:   180s
[>>>>>>>>>>>>>>>>             ] 426/750, 1.8 task/s, elapsed: 236s, ETA:   179s
[>>>>>>>>>>>>>>>>             ] 427/750, 1.8 task/s, elapsed: 236s, ETA:   178s
[>>>>>>>>>>>>>>>>             ] 428/750, 1.8 task/s, elapsed: 236s, ETA:   178s
[>>>>>>>>>>>>>>>>             ] 429/750, 1.8 task/s, elapsed: 237s, ETA:   177s
[>>>>>>>>>>>>>>>>             ] 430/750, 1.8 task/s, elapsed: 238s, ETA:   177s
[>>>>>>>>>>>>>>>>             ] 431/750, 1.8 task/s, elapsed: 239s, ETA:   177s
[>>>>>>>>>>>>>>>>             ] 432/750, 1.8 task/s, elapsed: 240s, ETA:   177s
[>>>>>>>>>>>>>>>>             ] 433/750, 1.8 task/s, elapsed: 241s, ETA:   176s
[>>>>>>>>>>>>>>>>             ] 434/750, 1.8 task/s, elapsed: 242s, ETA:   176s
[>>>>>>>>>>>>>>>>             ] 435/750, 1.8 task/s, elapsed: 242s, ETA:   175s
[>>>>>>>>>>>>>>>>             ] 436/750, 1.8 task/s, elapsed: 244s, ETA:   175s
[>>>>>>>>>>>>>>>>             ] 437/750, 1.8 task/s, elapsed: 244s, ETA:   175s
[>>>>>>>>>>>>>>>>             ] 438/750, 1.8 task/s, elapsed: 246s, ETA:   175s
[>>>>>>>>>>>>>>>>             ] 439/750, 1.8 task/s, elapsed: 246s, ETA:   174s
[>>>>>>>>>>>>>>>>>            ] 440/750, 1.8 task/s, elapsed: 248s, ETA:   175s
[>>>>>>>>>>>>>>>>>            ] 441/750, 1.8 task/s, elapsed: 248s, ETA:   174s
[>>>>>>>>>>>>>>>>>            ] 442/750, 1.8 task/s, elapsed: 249s, ETA:   174s
[>>>>>>>>>>>>>>>>>            ] 443/750, 1.8 task/s, elapsed: 249s, ETA:   173s
[>>>>>>>>>>>>>>>>>            ] 444/750, 1.8 task/s, elapsed: 251s, ETA:   173s
[>>>>>>>>>>>>>>>>>            ] 445/750, 1.8 task/s, elapsed: 251s, ETA:   172s
[>>>>>>>>>>>>>>>>>            ] 446/750, 1.8 task/s, elapsed: 252s, ETA:   172s
[>>>>>>>>>>>>>>>>>            ] 447/750, 1.8 task/s, elapsed: 252s, ETA:   171s
[>>>>>>>>>>>>>>>>>            ] 448/750, 1.8 task/s, elapsed: 254s, ETA:   171s
[>>>>>>>>>>>>>>>>>            ] 449/750, 1.8 task/s, elapsed: 254s, ETA:   170s
[>>>>>>>>>>>>>>>>>            ] 450/750, 1.8 task/s, elapsed: 256s, ETA:   170s
[>>>>>>>>>>>>>>>>>            ] 451/750, 1.8 task/s, elapsed: 256s, ETA:   169s
[>>>>>>>>>>>>>>>>>            ] 452/750, 1.8 task/s, elapsed: 258s, ETA:   170s
[>>>>>>>>>>>>>>>>>            ] 453/750, 1.8 task/s, elapsed: 258s, ETA:   169s
[>>>>>>>>>>>>>>>>>            ] 454/750, 1.8 task/s, elapsed: 259s, ETA:   169s
[>>>>>>>>>>>>>>>>>            ] 455/750, 1.8 task/s, elapsed: 259s, ETA:   168s
[>>>>>>>>>>>>>>>>>            ] 456/750, 1.7 task/s, elapsed: 261s, ETA:   168s
[>>>>>>>>>>>>>>>>>            ] 457/750, 1.8 task/s, elapsed: 261s, ETA:   167s
[>>>>>>>>>>>>>>>>>            ] 458/750, 1.7 task/s, elapsed: 263s, ETA:   167s
[>>>>>>>>>>>>>>>>>            ] 459/750, 1.7 task/s, elapsed: 263s, ETA:   167s
[>>>>>>>>>>>>>>>>>            ] 460/750, 1.7 task/s, elapsed: 264s, ETA:   166s
[>>>>>>>>>>>>>>>>>            ] 461/750, 1.7 task/s, elapsed: 265s, ETA:   166s
[>>>>>>>>>>>>>>>>>            ] 462/750, 1.7 task/s, elapsed: 266s, ETA:   166s
[>>>>>>>>>>>>>>>>>            ] 463/750, 1.7 task/s, elapsed: 266s, ETA:   165s
[>>>>>>>>>>>>>>>>>            ] 464/750, 1.7 task/s, elapsed: 267s, ETA:   165s
[>>>>>>>>>>>>>>>>>            ] 465/750, 1.7 task/s, elapsed: 268s, ETA:   164s
[>>>>>>>>>>>>>>>>>>           ] 466/750, 1.7 task/s, elapsed: 269s, ETA:   164s
[>>>>>>>>>>>>>>>>>>           ] 467/750, 1.7 task/s, elapsed: 269s, ETA:   163s
[>>>>>>>>>>>>>>>>>>           ] 468/750, 1.7 task/s, elapsed: 271s, ETA:   163s
[>>>>>>>>>>>>>>>>>>           ] 469/750, 1.7 task/s, elapsed: 271s, ETA:   162s
[>>>>>>>>>>>>>>>>>>           ] 470/750, 1.7 task/s, elapsed: 272s, ETA:   162s
[>>>>>>>>>>>>>>>>>>           ] 471/750, 1.7 task/s, elapsed: 272s, ETA:   161s
[>>>>>>>>>>>>>>>>>>           ] 472/750, 1.7 task/s, elapsed: 274s, ETA:   162s
[>>>>>>>>>>>>>>>>>>           ] 473/750, 1.7 task/s, elapsed: 274s, ETA:   161s
[>>>>>>>>>>>>>>>>>>           ] 474/750, 1.7 task/s, elapsed: 276s, ETA:   161s
[>>>>>>>>>>>>>>>>>>           ] 475/750, 1.7 task/s, elapsed: 276s, ETA:   160s
[>>>>>>>>>>>>>>>>>>           ] 476/750, 1.7 task/s, elapsed: 278s, ETA:   160s
[>>>>>>>>>>>>>>>>>>           ] 477/750, 1.7 task/s, elapsed: 279s, ETA:   159s
[>>>>>>>>>>>>>>>>>>           ] 478/750, 1.7 task/s, elapsed: 280s, ETA:   159s
[>>>>>>>>>>>>>>>>>>           ] 479/750, 1.7 task/s, elapsed: 280s, ETA:   158s
[>>>>>>>>>>>>>>>>>>           ] 480/750, 1.7 task/s, elapsed: 281s, ETA:   158s
[>>>>>>>>>>>>>>>>>>           ] 481/750, 1.7 task/s, elapsed: 281s, ETA:   157s
[>>>>>>>>>>>>>>>>>>           ] 482/750, 1.7 task/s, elapsed: 283s, ETA:   157s
[>>>>>>>>>>>>>>>>>>           ] 483/750, 1.7 task/s, elapsed: 284s, ETA:   157s
[>>>>>>>>>>>>>>>>>>           ] 484/750, 1.7 task/s, elapsed: 285s, ETA:   156s
[>>>>>>>>>>>>>>>>>>           ] 485/750, 1.7 task/s, elapsed: 285s, ETA:   156s
[>>>>>>>>>>>>>>>>>>           ] 486/750, 1.7 task/s, elapsed: 287s, ETA:   156s
[>>>>>>>>>>>>>>>>>>           ] 487/750, 1.7 task/s, elapsed: 287s, ETA:   155s
[>>>>>>>>>>>>>>>>>>           ] 488/750, 1.7 task/s, elapsed: 289s, ETA:   155s
[>>>>>>>>>>>>>>>>>>           ] 489/750, 1.7 task/s, elapsed: 289s, ETA:   154s
[>>>>>>>>>>>>>>>>>>           ] 490/750, 1.7 task/s, elapsed: 291s, ETA:   154s
[>>>>>>>>>>>>>>>>>>           ] 491/750, 1.7 task/s, elapsed: 291s, ETA:   154s
[>>>>>>>>>>>>>>>>>>>          ] 492/750, 1.7 task/s, elapsed: 293s, ETA:   153s
[>>>>>>>>>>>>>>>>>>>          ] 493/750, 1.7 task/s, elapsed: 293s, ETA:   153s
[>>>>>>>>>>>>>>>>>>>          ] 494/750, 1.7 task/s, elapsed: 295s, ETA:   153s
[>>>>>>>>>>>>>>>>>>>          ] 495/750, 1.7 task/s, elapsed: 295s, ETA:   152s
[>>>>>>>>>>>>>>>>>>>          ] 496/750, 1.7 task/s, elapsed: 296s, ETA:   151s
[>>>>>>>>>>>>>>>>>>>          ] 497/750, 1.7 task/s, elapsed: 297s, ETA:   151s
[>>>>>>>>>>>>>>>>>>>          ] 498/750, 1.7 task/s, elapsed: 298s, ETA:   151s
[>>>>>>>>>>>>>>>>>>>          ] 499/750, 1.7 task/s, elapsed: 298s, ETA:   150s
[>>>>>>>>>>>>>>>>>>>          ] 500/750, 1.7 task/s, elapsed: 300s, ETA:   150s
[>>>>>>>>>>>>>>>>>>>          ] 501/750, 1.7 task/s, elapsed: 300s, ETA:   149s
[>>>>>>>>>>>>>>>>>>>          ] 502/750, 1.7 task/s, elapsed: 302s, ETA:   149s
[>>>>>>>>>>>>>>>>>>>          ] 503/750, 1.7 task/s, elapsed: 302s, ETA:   148s
[>>>>>>>>>>>>>>>>>>>          ] 504/750, 1.7 task/s, elapsed: 303s, ETA:   148s
[>>>>>>>>>>>>>>>>>>>          ] 505/750, 1.7 task/s, elapsed: 303s, ETA:   147s
[>>>>>>>>>>>>>>>>>>>          ] 506/750, 1.7 task/s, elapsed: 305s, ETA:   147s
[>>>>>>>>>>>>>>>>>>>          ] 507/750, 1.7 task/s, elapsed: 305s, ETA:   146s
[>>>>>>>>>>>>>>>>>>>          ] 508/750, 1.7 task/s, elapsed: 307s, ETA:   146s
[>>>>>>>>>>>>>>>>>>>          ] 509/750, 1.7 task/s, elapsed: 307s, ETA:   145s
[>>>>>>>>>>>>>>>>>>>          ] 510/750, 1.7 task/s, elapsed: 308s, ETA:   145s
[>>>>>>>>>>>>>>>>>>>          ] 511/750, 1.7 task/s, elapsed: 308s, ETA:   144s
[>>>>>>>>>>>>>>>>>>>          ] 512/750, 1.7 task/s, elapsed: 310s, ETA:   144s
[>>>>>>>>>>>>>>>>>>>          ] 513/750, 1.7 task/s, elapsed: 310s, ETA:   143s
[>>>>>>>>>>>>>>>>>>>          ] 514/750, 1.7 task/s, elapsed: 311s, ETA:   143s
[>>>>>>>>>>>>>>>>>>>          ] 515/750, 1.7 task/s, elapsed: 311s, ETA:   142s
[>>>>>>>>>>>>>>>>>>>          ] 516/750, 1.7 task/s, elapsed: 313s, ETA:   142s
[>>>>>>>>>>>>>>>>>>>          ] 517/750, 1.7 task/s, elapsed: 313s, ETA:   141s
[>>>>>>>>>>>>>>>>>>>>         ] 518/750, 1.6 task/s, elapsed: 314s, ETA:   141s
[>>>>>>>>>>>>>>>>>>>>         ] 519/750, 1.7 task/s, elapsed: 314s, ETA:   140s
[>>>>>>>>>>>>>>>>>>>>         ] 520/750, 1.6 task/s, elapsed: 315s, ETA:   139s
[>>>>>>>>>>>>>>>>>>>>         ] 521/750, 1.7 task/s, elapsed: 315s, ETA:   139s
[>>>>>>>>>>>>>>>>>>>>         ] 522/750, 1.6 task/s, elapsed: 317s, ETA:   138s
[>>>>>>>>>>>>>>>>>>>>         ] 523/750, 1.7 task/s, elapsed: 317s, ETA:   138s
[>>>>>>>>>>>>>>>>>>>>         ] 524/750, 1.6 task/s, elapsed: 318s, ETA:   137s
[>>>>>>>>>>>>>>>>>>>>         ] 525/750, 1.7 task/s, elapsed: 318s, ETA:   136s
[>>>>>>>>>>>>>>>>>>>>         ] 526/750, 1.7 task/s, elapsed: 319s, ETA:   136s
[>>>>>>>>>>>>>>>>>>>>         ] 527/750, 1.7 task/s, elapsed: 319s, ETA:   135s
[>>>>>>>>>>>>>>>>>>>>         ] 528/750, 1.7 task/s, elapsed: 320s, ETA:   135s
[>>>>>>>>>>>>>>>>>>>>         ] 529/750, 1.7 task/s, elapsed: 320s, ETA:   134s
[>>>>>>>>>>>>>>>>>>>>         ] 530/750, 1.7 task/s, elapsed: 321s, ETA:   133s
[>>>>>>>>>>>>>>>>>>>>         ] 531/750, 1.7 task/s, elapsed: 321s, ETA:   133s
[>>>>>>>>>>>>>>>>>>>>         ] 532/750, 1.7 task/s, elapsed: 322s, ETA:   132s
[>>>>>>>>>>>>>>>>>>>>         ] 533/750, 1.7 task/s, elapsed: 323s, ETA:   131s
[>>>>>>>>>>>>>>>>>>>>         ] 534/750, 1.7 task/s, elapsed: 323s, ETA:   131s
[>>>>>>>>>>>>>>>>>>>>         ] 535/750, 1.7 task/s, elapsed: 324s, ETA:   130s
[>>>>>>>>>>>>>>>>>>>>         ] 536/750, 1.7 task/s, elapsed: 325s, ETA:   130s
[>>>>>>>>>>>>>>>>>>>>         ] 537/750, 1.6 task/s, elapsed: 326s, ETA:   129s
[>>>>>>>>>>>>>>>>>>>>         ] 538/750, 1.6 task/s, elapsed: 326s, ETA:   128s
[>>>>>>>>>>>>>>>>>>>>         ] 539/750, 1.7 task/s, elapsed: 327s, ETA:   128s
[>>>>>>>>>>>>>>>>>>>>         ] 540/750, 1.7 task/s, elapsed: 327s, ETA:   127s
[>>>>>>>>>>>>>>>>>>>>         ] 541/750, 1.6 task/s, elapsed: 328s, ETA:   127s
[>>>>>>>>>>>>>>>>>>>>         ] 542/750, 1.7 task/s, elapsed: 328s, ETA:   126s
[>>>>>>>>>>>>>>>>>>>>         ] 543/750, 1.6 task/s, elapsed: 329s, ETA:   126s
[>>>>>>>>>>>>>>>>>>>>>        ] 544/750, 1.7 task/s, elapsed: 330s, ETA:   125s
[>>>>>>>>>>>>>>>>>>>>>        ] 545/750, 1.6 task/s, elapsed: 330s, ETA:   124s
[>>>>>>>>>>>>>>>>>>>>>        ] 546/750, 1.6 task/s, elapsed: 331s, ETA:   124s
[>>>>>>>>>>>>>>>>>>>>>        ] 547/750, 1.6 task/s, elapsed: 332s, ETA:   123s
[>>>>>>>>>>>>>>>>>>>>>        ] 548/750, 1.6 task/s, elapsed: 332s, ETA:   122s
[>>>>>>>>>>>>>>>>>>>>>        ] 549/750, 1.6 task/s, elapsed: 334s, ETA:   122s
[>>>>>>>>>>>>>>>>>>>>>        ] 550/750, 1.6 task/s, elapsed: 334s, ETA:   121s
[>>>>>>>>>>>>>>>>>>>>>        ] 551/750, 1.6 task/s, elapsed: 335s, ETA:   121s
[>>>>>>>>>>>>>>>>>>>>>        ] 552/750, 1.6 task/s, elapsed: 335s, ETA:   120s
[>>>>>>>>>>>>>>>>>>>>>        ] 553/750, 1.6 task/s, elapsed: 336s, ETA:   120s
[>>>>>>>>>>>>>>>>>>>>>        ] 554/750, 1.6 task/s, elapsed: 336s, ETA:   119s
[>>>>>>>>>>>>>>>>>>>>>        ] 555/750, 1.6 task/s, elapsed: 337s, ETA:   118s
[>>>>>>>>>>>>>>>>>>>>>        ] 556/750, 1.6 task/s, elapsed: 338s, ETA:   118s
[>>>>>>>>>>>>>>>>>>>>>        ] 557/750, 1.6 task/s, elapsed: 339s, ETA:   117s
[>>>>>>>>>>>>>>>>>>>>>        ] 558/750, 1.6 task/s, elapsed: 339s, ETA:   117s
[>>>>>>>>>>>>>>>>>>>>>        ] 559/750, 1.6 task/s, elapsed: 339s, ETA:   116s
[>>>>>>>>>>>>>>>>>>>>>        ] 560/750, 1.6 task/s, elapsed: 340s, ETA:   115s
[>>>>>>>>>>>>>>>>>>>>>        ] 561/750, 1.6 task/s, elapsed: 340s, ETA:   115s
[>>>>>>>>>>>>>>>>>>>>>        ] 562/750, 1.6 task/s, elapsed: 341s, ETA:   114s
[>>>>>>>>>>>>>>>>>>>>>        ] 563/750, 1.6 task/s, elapsed: 341s, ETA:   113s
[>>>>>>>>>>>>>>>>>>>>>        ] 564/750, 1.6 task/s, elapsed: 343s, ETA:   113s
[>>>>>>>>>>>>>>>>>>>>>        ] 565/750, 1.6 task/s, elapsed: 343s, ETA:   112s
[>>>>>>>>>>>>>>>>>>>>>        ] 566/750, 1.6 task/s, elapsed: 343s, ETA:   112s
[>>>>>>>>>>>>>>>>>>>>>        ] 567/750, 1.7 task/s, elapsed: 343s, ETA:   111s
[>>>>>>>>>>>>>>>>>>>>>        ] 568/750, 1.6 task/s, elapsed: 344s, ETA:   110s
[>>>>>>>>>>>>>>>>>>>>>>       ] 569/750, 1.6 task/s, elapsed: 345s, ETA:   110s
[>>>>>>>>>>>>>>>>>>>>>>       ] 570/750, 1.6 task/s, elapsed: 346s, ETA:   109s
[>>>>>>>>>>>>>>>>>>>>>>       ] 571/750, 1.6 task/s, elapsed: 346s, ETA:   109s
[>>>>>>>>>>>>>>>>>>>>>>       ] 572/750, 1.6 task/s, elapsed: 347s, ETA:   108s
[>>>>>>>>>>>>>>>>>>>>>>       ] 573/750, 1.7 task/s, elapsed: 347s, ETA:   107s
[>>>>>>>>>>>>>>>>>>>>>>       ] 574/750, 1.6 task/s, elapsed: 348s, ETA:   107s
[>>>>>>>>>>>>>>>>>>>>>>       ] 575/750, 1.6 task/s, elapsed: 348s, ETA:   106s
[>>>>>>>>>>>>>>>>>>>>>>       ] 576/750, 1.6 task/s, elapsed: 350s, ETA:   106s
[>>>>>>>>>>>>>>>>>>>>>>       ] 577/750, 1.6 task/s, elapsed: 350s, ETA:   105s
[>>>>>>>>>>>>>>>>>>>>>>       ] 578/750, 1.6 task/s, elapsed: 352s, ETA:   105s
[>>>>>>>>>>>>>>>>>>>>>>       ] 579/750, 1.6 task/s, elapsed: 352s, ETA:   104s
[>>>>>>>>>>>>>>>>>>>>>>       ] 580/750, 1.6 task/s, elapsed: 353s, ETA:   103s
[>>>>>>>>>>>>>>>>>>>>>>       ] 581/750, 1.6 task/s, elapsed: 353s, ETA:   103s
[>>>>>>>>>>>>>>>>>>>>>>       ] 582/750, 1.6 task/s, elapsed: 355s, ETA:   102s
[>>>>>>>>>>>>>>>>>>>>>>       ] 583/750, 1.6 task/s, elapsed: 355s, ETA:   102s
[>>>>>>>>>>>>>>>>>>>>>>       ] 584/750, 1.6 task/s, elapsed: 355s, ETA:   101s
[>>>>>>>>>>>>>>>>>>>>>>       ] 585/750, 1.6 task/s, elapsed: 356s, ETA:   100s
[>>>>>>>>>>>>>>>>>>>>>>       ] 586/750, 1.6 task/s, elapsed: 356s, ETA:   100s
[>>>>>>>>>>>>>>>>>>>>>>       ] 587/750, 1.6 task/s, elapsed: 357s, ETA:    99s
[>>>>>>>>>>>>>>>>>>>>>>       ] 588/750, 1.6 task/s, elapsed: 358s, ETA:    99s
[>>>>>>>>>>>>>>>>>>>>>>       ] 589/750, 1.6 task/s, elapsed: 358s, ETA:    98s
[>>>>>>>>>>>>>>>>>>>>>>       ] 590/750, 1.6 task/s, elapsed: 359s, ETA:    97s
[>>>>>>>>>>>>>>>>>>>>>>       ] 591/750, 1.6 task/s, elapsed: 359s, ETA:    97s
[>>>>>>>>>>>>>>>>>>>>>>       ] 592/750, 1.6 task/s, elapsed: 361s, ETA:    96s
[>>>>>>>>>>>>>>>>>>>>>>       ] 593/750, 1.6 task/s, elapsed: 361s, ETA:    96s
[>>>>>>>>>>>>>>>>>>>>>>       ] 594/750, 1.6 task/s, elapsed: 362s, ETA:    95s
[>>>>>>>>>>>>>>>>>>>>>>>      ] 595/750, 1.6 task/s, elapsed: 363s, ETA:    95s
[>>>>>>>>>>>>>>>>>>>>>>>      ] 596/750, 1.6 task/s, elapsed: 363s, ETA:    94s
[>>>>>>>>>>>>>>>>>>>>>>>      ] 597/750, 1.6 task/s, elapsed: 365s, ETA:    93s
[>>>>>>>>>>>>>>>>>>>>>>>      ] 598/750, 1.6 task/s, elapsed: 365s, ETA:    93s
[>>>>>>>>>>>>>>>>>>>>>>>      ] 599/750, 1.6 task/s, elapsed: 366s, ETA:    92s
[>>>>>>>>>>>>>>>>>>>>>>>      ] 600/750, 1.6 task/s, elapsed: 366s, ETA:    92s
[>>>>>>>>>>>>>>>>>>>>>>>      ] 601/750, 1.6 task/s, elapsed: 368s, ETA:    91s
[>>>>>>>>>>>>>>>>>>>>>>>      ] 602/750, 1.6 task/s, elapsed: 368s, ETA:    91s
[>>>>>>>>>>>>>>>>>>>>>>>      ] 603/750, 1.6 task/s, elapsed: 370s, ETA:    90s
[>>>>>>>>>>>>>>>>>>>>>>>      ] 604/750, 1.6 task/s, elapsed: 370s, ETA:    89s
[>>>>>>>>>>>>>>>>>>>>>>>      ] 605/750, 1.6 task/s, elapsed: 371s, ETA:    89s
[>>>>>>>>>>>>>>>>>>>>>>>      ] 606/750, 1.6 task/s, elapsed: 371s, ETA:    88s
[>>>>>>>>>>>>>>>>>>>>>>>      ] 607/750, 1.6 task/s, elapsed: 373s, ETA:    88s
[>>>>>>>>>>>>>>>>>>>>>>>      ] 608/750, 1.6 task/s, elapsed: 373s, ETA:    87s
[>>>>>>>>>>>>>>>>>>>>>>>      ] 609/750, 1.6 task/s, elapsed: 374s, ETA:    87s
[>>>>>>>>>>>>>>>>>>>>>>>      ] 610/750, 1.6 task/s, elapsed: 374s, ETA:    86s
[>>>>>>>>>>>>>>>>>>>>>>>      ] 611/750, 1.6 task/s, elapsed: 375s, ETA:    85s
[>>>>>>>>>>>>>>>>>>>>>>>      ] 612/750, 1.6 task/s, elapsed: 376s, ETA:    85s
[>>>>>>>>>>>>>>>>>>>>>>>      ] 613/750, 1.6 task/s, elapsed: 377s, ETA:    84s
[>>>>>>>>>>>>>>>>>>>>>>>      ] 614/750, 1.6 task/s, elapsed: 377s, ETA:    83s
[>>>>>>>>>>>>>>>>>>>>>>>      ] 615/750, 1.6 task/s, elapsed: 377s, ETA:    83s
[>>>>>>>>>>>>>>>>>>>>>>>      ] 616/750, 1.6 task/s, elapsed: 377s, ETA:    82s
[>>>>>>>>>>>>>>>>>>>>>>>      ] 617/750, 1.6 task/s, elapsed: 377s, ETA:    81s
[>>>>>>>>>>>>>>>>>>>>>>>      ] 618/750, 1.6 task/s, elapsed: 379s, ETA:    81s
[>>>>>>>>>>>>>>>>>>>>>>>      ] 619/750, 1.6 task/s, elapsed: 379s, ETA:    80s
[>>>>>>>>>>>>>>>>>>>>>>>      ] 620/750, 1.6 task/s, elapsed: 380s, ETA:    80s
[>>>>>>>>>>>>>>>>>>>>>>>>     ] 621/750, 1.6 task/s, elapsed: 380s, ETA:    79s
[>>>>>>>>>>>>>>>>>>>>>>>>     ] 622/750, 1.6 task/s, elapsed: 380s, ETA:    78s
[>>>>>>>>>>>>>>>>>>>>>>>>     ] 623/750, 1.6 task/s, elapsed: 381s, ETA:    78s
[>>>>>>>>>>>>>>>>>>>>>>>>     ] 624/750, 1.6 task/s, elapsed: 381s, ETA:    77s
[>>>>>>>>>>>>>>>>>>>>>>>>     ] 625/750, 1.6 task/s, elapsed: 382s, ETA:    76s
[>>>>>>>>>>>>>>>>>>>>>>>>     ] 626/750, 1.6 task/s, elapsed: 382s, ETA:    76s
[>>>>>>>>>>>>>>>>>>>>>>>>     ] 627/750, 1.6 task/s, elapsed: 383s, ETA:    75s
[>>>>>>>>>>>>>>>>>>>>>>>>     ] 628/750, 1.6 task/s, elapsed: 383s, ETA:    74s
[>>>>>>>>>>>>>>>>>>>>>>>>     ] 629/750, 1.6 task/s, elapsed: 383s, ETA:    74s
[>>>>>>>>>>>>>>>>>>>>>>>>     ] 630/750, 1.6 task/s, elapsed: 384s, ETA:    73s
[>>>>>>>>>>>>>>>>>>>>>>>>     ] 631/750, 1.6 task/s, elapsed: 384s, ETA:    72s
[>>>>>>>>>>>>>>>>>>>>>>>>     ] 632/750, 1.6 task/s, elapsed: 385s, ETA:    72s
[>>>>>>>>>>>>>>>>>>>>>>>>     ] 633/750, 1.6 task/s, elapsed: 385s, ETA:    71s
[>>>>>>>>>>>>>>>>>>>>>>>>     ] 634/750, 1.6 task/s, elapsed: 386s, ETA:    71s
[>>>>>>>>>>>>>>>>>>>>>>>>     ] 635/750, 1.6 task/s, elapsed: 386s, ETA:    70s
[>>>>>>>>>>>>>>>>>>>>>>>>     ] 636/750, 1.6 task/s, elapsed: 387s, ETA:    69s
[>>>>>>>>>>>>>>>>>>>>>>>>     ] 637/750, 1.6 task/s, elapsed: 387s, ETA:    69s
[>>>>>>>>>>>>>>>>>>>>>>>>     ] 638/750, 1.6 task/s, elapsed: 388s, ETA:    68s
[>>>>>>>>>>>>>>>>>>>>>>>>     ] 639/750, 1.6 task/s, elapsed: 388s, ETA:    67s
[>>>>>>>>>>>>>>>>>>>>>>>>     ] 640/750, 1.6 task/s, elapsed: 388s, ETA:    67s
[>>>>>>>>>>>>>>>>>>>>>>>>     ] 641/750, 1.7 task/s, elapsed: 388s, ETA:    66s
[>>>>>>>>>>>>>>>>>>>>>>>>     ] 642/750, 1.7 task/s, elapsed: 389s, ETA:    65s
[>>>>>>>>>>>>>>>>>>>>>>>>     ] 643/750, 1.7 task/s, elapsed: 389s, ETA:    65s
[>>>>>>>>>>>>>>>>>>>>>>>>     ] 644/750, 1.7 task/s, elapsed: 389s, ETA:    64s
[>>>>>>>>>>>>>>>>>>>>>>>>     ] 645/750, 1.7 task/s, elapsed: 389s, ETA:    63s
[>>>>>>>>>>>>>>>>>>>>>>>>     ] 646/750, 1.7 task/s, elapsed: 390s, ETA:    63s
[>>>>>>>>>>>>>>>>>>>>>>>>>    ] 647/750, 1.7 task/s, elapsed: 390s, ETA:    62s
[>>>>>>>>>>>>>>>>>>>>>>>>>    ] 648/750, 1.7 task/s, elapsed: 390s, ETA:    61s
[>>>>>>>>>>>>>>>>>>>>>>>>>    ] 649/750, 1.7 task/s, elapsed: 390s, ETA:    61s
[>>>>>>>>>>>>>>>>>>>>>>>>>    ] 650/750, 1.7 task/s, elapsed: 391s, ETA:    60s
[>>>>>>>>>>>>>>>>>>>>>>>>>    ] 651/750, 1.7 task/s, elapsed: 391s, ETA:    59s
[>>>>>>>>>>>>>>>>>>>>>>>>>    ] 652/750, 1.7 task/s, elapsed: 392s, ETA:    59s
[>>>>>>>>>>>>>>>>>>>>>>>>>    ] 653/750, 1.7 task/s, elapsed: 392s, ETA:    58s
[>>>>>>>>>>>>>>>>>>>>>>>>>    ] 654/750, 1.7 task/s, elapsed: 393s, ETA:    58s
[>>>>>>>>>>>>>>>>>>>>>>>>>    ] 655/750, 1.7 task/s, elapsed: 394s, ETA:    57s
[>>>>>>>>>>>>>>>>>>>>>>>>>    ] 656/750, 1.7 task/s, elapsed: 394s, ETA:    56s
[>>>>>>>>>>>>>>>>>>>>>>>>>    ] 657/750, 1.7 task/s, elapsed: 395s, ETA:    56s
[>>>>>>>>>>>>>>>>>>>>>>>>>    ] 658/750, 1.7 task/s, elapsed: 395s, ETA:    55s
[>>>>>>>>>>>>>>>>>>>>>>>>>    ] 659/750, 1.7 task/s, elapsed: 396s, ETA:    55s
[>>>>>>>>>>>>>>>>>>>>>>>>>    ] 660/750, 1.7 task/s, elapsed: 396s, ETA:    54s
[>>>>>>>>>>>>>>>>>>>>>>>>>    ] 661/750, 1.7 task/s, elapsed: 397s, ETA:    53s
[>>>>>>>>>>>>>>>>>>>>>>>>>    ] 662/750, 1.7 task/s, elapsed: 397s, ETA:    53s
[>>>>>>>>>>>>>>>>>>>>>>>>>    ] 663/750, 1.7 task/s, elapsed: 398s, ETA:    52s
[>>>>>>>>>>>>>>>>>>>>>>>>>    ] 664/750, 1.7 task/s, elapsed: 399s, ETA:    52s
[>>>>>>>>>>>>>>>>>>>>>>>>>    ] 665/750, 1.7 task/s, elapsed: 399s, ETA:    51s
[>>>>>>>>>>>>>>>>>>>>>>>>>    ] 666/750, 1.7 task/s, elapsed: 400s, ETA:    50s
[>>>>>>>>>>>>>>>>>>>>>>>>>    ] 667/750, 1.7 task/s, elapsed: 401s, ETA:    50s
[>>>>>>>>>>>>>>>>>>>>>>>>>    ] 668/750, 1.7 task/s, elapsed: 402s, ETA:    49s
[>>>>>>>>>>>>>>>>>>>>>>>>>    ] 669/750, 1.7 task/s, elapsed: 402s, ETA:    49s
[>>>>>>>>>>>>>>>>>>>>>>>>>    ] 670/750, 1.7 task/s, elapsed: 403s, ETA:    48s
[>>>>>>>>>>>>>>>>>>>>>>>>>    ] 671/750, 1.7 task/s, elapsed: 404s, ETA:    48s
[>>>>>>>>>>>>>>>>>>>>>>>>>    ] 672/750, 1.7 task/s, elapsed: 404s, ETA:    47s
[>>>>>>>>>>>>>>>>>>>>>>>>>>   ] 673/750, 1.7 task/s, elapsed: 404s, ETA:    46s
[>>>>>>>>>>>>>>>>>>>>>>>>>>   ] 674/750, 1.7 task/s, elapsed: 405s, ETA:    46s
[>>>>>>>>>>>>>>>>>>>>>>>>>>   ] 675/750, 1.7 task/s, elapsed: 405s, ETA:    45s
[>>>>>>>>>>>>>>>>>>>>>>>>>>   ] 676/750, 1.7 task/s, elapsed: 406s, ETA:    44s
[>>>>>>>>>>>>>>>>>>>>>>>>>>   ] 677/750, 1.7 task/s, elapsed: 407s, ETA:    44s
[>>>>>>>>>>>>>>>>>>>>>>>>>>   ] 678/750, 1.7 task/s, elapsed: 408s, ETA:    43s
[>>>>>>>>>>>>>>>>>>>>>>>>>>   ] 679/750, 1.7 task/s, elapsed: 409s, ETA:    43s
[>>>>>>>>>>>>>>>>>>>>>>>>>>   ] 680/750, 1.7 task/s, elapsed: 409s, ETA:    42s
[>>>>>>>>>>>>>>>>>>>>>>>>>>   ] 681/750, 1.7 task/s, elapsed: 410s, ETA:    42s
[>>>>>>>>>>>>>>>>>>>>>>>>>>   ] 682/750, 1.7 task/s, elapsed: 410s, ETA:    41s
[>>>>>>>>>>>>>>>>>>>>>>>>>>   ] 683/750, 1.7 task/s, elapsed: 411s, ETA:    40s
[>>>>>>>>>>>>>>>>>>>>>>>>>>   ] 684/750, 1.7 task/s, elapsed: 412s, ETA:    40s
[>>>>>>>>>>>>>>>>>>>>>>>>>>   ] 685/750, 1.7 task/s, elapsed: 412s, ETA:    39s
[>>>>>>>>>>>>>>>>>>>>>>>>>>   ] 686/750, 1.7 task/s, elapsed: 413s, ETA:    39s
[>>>>>>>>>>>>>>>>>>>>>>>>>>   ] 687/750, 1.7 task/s, elapsed: 413s, ETA:    38s
[>>>>>>>>>>>>>>>>>>>>>>>>>>   ] 688/750, 1.7 task/s, elapsed: 414s, ETA:    37s
[>>>>>>>>>>>>>>>>>>>>>>>>>>   ] 689/750, 1.7 task/s, elapsed: 415s, ETA:    37s
[>>>>>>>>>>>>>>>>>>>>>>>>>>   ] 690/750, 1.7 task/s, elapsed: 416s, ETA:    36s
[>>>>>>>>>>>>>>>>>>>>>>>>>>   ] 691/750, 1.7 task/s, elapsed: 416s, ETA:    36s
[>>>>>>>>>>>>>>>>>>>>>>>>>>   ] 692/750, 1.7 task/s, elapsed: 417s, ETA:    35s
[>>>>>>>>>>>>>>>>>>>>>>>>>>   ] 693/750, 1.7 task/s, elapsed: 418s, ETA:    34s
[>>>>>>>>>>>>>>>>>>>>>>>>>>   ] 694/750, 1.7 task/s, elapsed: 419s, ETA:    34s
[>>>>>>>>>>>>>>>>>>>>>>>>>>   ] 695/750, 1.7 task/s, elapsed: 419s, ETA:    33s
[>>>>>>>>>>>>>>>>>>>>>>>>>>   ] 696/750, 1.7 task/s, elapsed: 420s, ETA:    33s
[>>>>>>>>>>>>>>>>>>>>>>>>>>   ] 697/750, 1.7 task/s, elapsed: 421s, ETA:    32s
[>>>>>>>>>>>>>>>>>>>>>>>>>>   ] 698/750, 1.7 task/s, elapsed: 422s, ETA:    31s
[>>>>>>>>>>>>>>>>>>>>>>>>>>>  ] 699/750, 1.7 task/s, elapsed: 422s, ETA:    31s
[>>>>>>>>>>>>>>>>>>>>>>>>>>>  ] 700/750, 1.7 task/s, elapsed: 422s, ETA:    30s
[>>>>>>>>>>>>>>>>>>>>>>>>>>>  ] 701/750, 1.7 task/s, elapsed: 423s, ETA:    30s
[>>>>>>>>>>>>>>>>>>>>>>>>>>>  ] 702/750, 1.7 task/s, elapsed: 424s, ETA:    29s
[>>>>>>>>>>>>>>>>>>>>>>>>>>>  ] 703/750, 1.7 task/s, elapsed: 425s, ETA:    28s
[>>>>>>>>>>>>>>>>>>>>>>>>>>>  ] 704/750, 1.7 task/s, elapsed: 425s, ETA:    28s
[>>>>>>>>>>>>>>>>>>>>>>>>>>>  ] 705/750, 1.7 task/s, elapsed: 426s, ETA:    27s
[>>>>>>>>>>>>>>>>>>>>>>>>>>>  ] 706/750, 1.7 task/s, elapsed: 427s, ETA:    27s
[>>>>>>>>>>>>>>>>>>>>>>>>>>>  ] 707/750, 1.7 task/s, elapsed: 428s, ETA:    26s
[>>>>>>>>>>>>>>>>>>>>>>>>>>>  ] 708/750, 1.7 task/s, elapsed: 428s, ETA:    25s
[>>>>>>>>>>>>>>>>>>>>>>>>>>>  ] 709/750, 1.7 task/s, elapsed: 429s, ETA:    25s
[>>>>>>>>>>>>>>>>>>>>>>>>>>>  ] 710/750, 1.7 task/s, elapsed: 430s, ETA:    24s
[>>>>>>>>>>>>>>>>>>>>>>>>>>>  ] 711/750, 1.7 task/s, elapsed: 430s, ETA:    24s
[>>>>>>>>>>>>>>>>>>>>>>>>>>>  ] 712/750, 1.7 task/s, elapsed: 431s, ETA:    23s
[>>>>>>>>>>>>>>>>>>>>>>>>>>>  ] 713/750, 1.7 task/s, elapsed: 431s, ETA:    22s
[>>>>>>>>>>>>>>>>>>>>>>>>>>>  ] 714/750, 1.7 task/s, elapsed: 432s, ETA:    22s
[>>>>>>>>>>>>>>>>>>>>>>>>>>>  ] 715/750, 1.7 task/s, elapsed: 432s, ETA:    21s
[>>>>>>>>>>>>>>>>>>>>>>>>>>>  ] 716/750, 1.7 task/s, elapsed: 433s, ETA:    21s
[>>>>>>>>>>>>>>>>>>>>>>>>>>>  ] 717/750, 1.7 task/s, elapsed: 433s, ETA:    20s
[>>>>>>>>>>>>>>>>>>>>>>>>>>>  ] 718/750, 1.7 task/s, elapsed: 434s, ETA:    19s
[>>>>>>>>>>>>>>>>>>>>>>>>>>>  ] 719/750, 1.7 task/s, elapsed: 435s, ETA:    19s
[>>>>>>>>>>>>>>>>>>>>>>>>>>>  ] 720/750, 1.7 task/s, elapsed: 435s, ETA:    18s
[>>>>>>>>>>>>>>>>>>>>>>>>>>>  ] 721/750, 1.7 task/s, elapsed: 436s, ETA:    18s
[>>>>>>>>>>>>>>>>>>>>>>>>>>>  ] 722/750, 1.7 task/s, elapsed: 437s, ETA:    17s
[>>>>>>>>>>>>>>>>>>>>>>>>>>>  ] 723/750, 1.7 task/s, elapsed: 438s, ETA:    16s
[>>>>>>>>>>>>>>>>>>>>>>>>>>>  ] 724/750, 1.7 task/s, elapsed: 438s, ETA:    16s
[>>>>>>>>>>>>>>>>>>>>>>>>>>>> ] 725/750, 1.7 task/s, elapsed: 439s, ETA:    15s
[>>>>>>>>>>>>>>>>>>>>>>>>>>>> ] 726/750, 1.7 task/s, elapsed: 439s, ETA:    15s
[>>>>>>>>>>>>>>>>>>>>>>>>>>>> ] 727/750, 1.6 task/s, elapsed: 441s, ETA:    14s
[>>>>>>>>>>>>>>>>>>>>>>>>>>>> ] 728/750, 1.7 task/s, elapsed: 441s, ETA:    13s
[>>>>>>>>>>>>>>>>>>>>>>>>>>>> ] 729/750, 1.6 task/s, elapsed: 442s, ETA:    13s
[>>>>>>>>>>>>>>>>>>>>>>>>>>>> ] 730/750, 1.6 task/s, elapsed: 443s, ETA:    12s
[>>>>>>>>>>>>>>>>>>>>>>>>>>>> ] 731/750, 1.6 task/s, elapsed: 444s, ETA:    12s
[>>>>>>>>>>>>>>>>>>>>>>>>>>>> ] 732/750, 1.6 task/s, elapsed: 444s, ETA:    11s
[>>>>>>>>>>>>>>>>>>>>>>>>>>>> ] 733/750, 1.6 task/s, elapsed: 446s, ETA:    10s
[>>>>>>>>>>>>>>>>>>>>>>>>>>>> ] 734/750, 1.6 task/s, elapsed: 446s, ETA:    10s
[>>>>>>>>>>>>>>>>>>>>>>>>>>>> ] 735/750, 1.6 task/s, elapsed: 447s, ETA:     9s
[>>>>>>>>>>>>>>>>>>>>>>>>>>>> ] 736/750, 1.6 task/s, elapsed: 447s, ETA:     9s
[>>>>>>>>>>>>>>>>>>>>>>>>>>>> ] 737/750, 1.6 task/s, elapsed: 449s, ETA:     8s
[>>>>>>>>>>>>>>>>>>>>>>>>>>>> ] 738/750, 1.6 task/s, elapsed: 449s, ETA:     7s
[>>>>>>>>>>>>>>>>>>>>>>>>>>>> ] 739/750, 1.6 task/s, elapsed: 450s, ETA:     7s
[>>>>>>>>>>>>>>>>>>>>>>>>>>>> ] 740/750, 1.6 task/s, elapsed: 450s, ETA:     6s
[>>>>>>>>>>>>>>>>>>>>>>>>>>>> ] 741/750, 1.6 task/s, elapsed: 452s, ETA:     5s
[>>>>>>>>>>>>>>>>>>>>>>>>>>>> ] 742/750, 1.6 task/s, elapsed: 452s, ETA:     5s
[>>>>>>>>>>>>>>>>>>>>>>>>>>>> ] 743/750, 1.6 task/s, elapsed: 454s, ETA:     4s
[>>>>>>>>>>>>>>>>>>>>>>>>>>>> ] 744/750, 1.6 task/s, elapsed: 454s, ETA:     4s
[>>>>>>>>>>>>>>>>>>>>>>>>>>>> ] 745/750, 1.6 task/s, elapsed: 455s, ETA:     3s
[>>>>>>>>>>>>>>>>>>>>>>>>>>>> ] 746/750, 1.6 task/s, elapsed: 455s, ETA:     2s
[>>>>>>>>>>>>>>>>>>>>>>>>>>>> ] 747/750, 1.6 task/s, elapsed: 457s, ETA:     2s
[>>>>>>>>>>>>>>>>>>>>>>>>>>>> ] 748/750, 1.6 task/s, elapsed: 457s, ETA:     1s
[>>>>>>>>>>>>>>>>>>>>>>>>>>>> ] 749/750, 1.6 task/s, elapsed: 458s, ETA:     1s
[>>>>>>>>>>>>>>>>>>>>>>>>>>>>>] 750/750, 1.6 task/s, elapsed: 458s, ETA:     0s
writing results to /data/shinpaul14/projects/mmaction2/work_dirs/tsm_r50_1x1x3_100e_ekmmsada_rgb_v2/speed-contrastive-head-all-gather/train_D1_test_D2/output.pkl

Evaluating top_k_accuracy ...

top1_acc	0.3387
top5_acc	0.9613
top1_acc: 0.3387
top5_acc: 0.9613
